2022-01-05 18:19:02,503 [myid:] - INFO  [pt.tecnico.Server.ServerMain.main():Environment@98] - Client environment:zookeeper.version=3.6.2--803c7f1a12f85978cb049af5e4ef23bd8b688715, built on 09/04/2020 12:44 GMT
2022-01-05 18:19:02,506 [myid:] - INFO  [pt.tecnico.Server.ServerMain.main():Environment@98] - Client environment:host.name=neofenix
2022-01-05 18:19:02,506 [myid:] - INFO  [pt.tecnico.Server.ServerMain.main():Environment@98] - Client environment:java.version=11.0.11
2022-01-05 18:19:02,506 [myid:] - INFO  [pt.tecnico.Server.ServerMain.main():Environment@98] - Client environment:java.vendor=AdoptOpenJDK
2022-01-05 18:19:02,506 [myid:] - INFO  [pt.tecnico.Server.ServerMain.main():Environment@98] - Client environment:java.home=/usr/lib/jvm/adoptopenjdk-11-hotspot-amd64
2022-01-05 18:19:02,506 [myid:] - INFO  [pt.tecnico.Server.ServerMain.main():Environment@98] - Client environment:java.class.path=/home/fenix/apache-maven-3.6.3/boot/plexus-classworlds-2.6.0.jar
2022-01-05 18:19:02,508 [myid:] - INFO  [pt.tecnico.Server.ServerMain.main():Environment@98] - Client environment:java.library.path=/usr/java/packages/lib:/usr/lib64:/lib64:/lib:/usr/lib
2022-01-05 18:19:02,508 [myid:] - INFO  [pt.tecnico.Server.ServerMain.main():Environment@98] - Client environment:java.io.tmpdir=/tmp
2022-01-05 18:19:02,508 [myid:] - INFO  [pt.tecnico.Server.ServerMain.main():Environment@98] - Client environment:java.compiler=<NA>
2022-01-05 18:19:02,508 [myid:] - INFO  [pt.tecnico.Server.ServerMain.main():Environment@98] - Client environment:os.name=Linux
2022-01-05 18:19:02,508 [myid:] - INFO  [pt.tecnico.Server.ServerMain.main():Environment@98] - Client environment:os.arch=amd64
2022-01-05 18:19:02,508 [myid:] - INFO  [pt.tecnico.Server.ServerMain.main():Environment@98] - Client environment:os.version=5.11.0-41-generic
2022-01-05 18:19:02,508 [myid:] - INFO  [pt.tecnico.Server.ServerMain.main():Environment@98] - Client environment:user.name=fenix
2022-01-05 18:19:02,508 [myid:] - INFO  [pt.tecnico.Server.ServerMain.main():Environment@98] - Client environment:user.home=/home/fenix
2022-01-05 18:19:02,508 [myid:] - INFO  [pt.tecnico.Server.ServerMain.main():Environment@98] - Client environment:user.dir=/home/fenix/Documents/SIRS_Stuff/ProjTemplate/Server
2022-01-05 18:19:02,508 [myid:] - INFO  [pt.tecnico.Server.ServerMain.main():Environment@98] - Client environment:os.memory.free=286MB
2022-01-05 18:19:02,509 [myid:] - INFO  [pt.tecnico.Server.ServerMain.main():Environment@98] - Client environment:os.memory.max=3970MB
2022-01-05 18:19:02,509 [myid:] - INFO  [pt.tecnico.Server.ServerMain.main():Environment@98] - Client environment:os.memory.total=344MB
2022-01-05 18:19:02,512 [myid:] - INFO  [pt.tecnico.Server.ServerMain.main():ZooKeeper@1006] - Initiating client connection, connectString=localhost:2181 sessionTimeout=5000 watcher=pt.ulisboa.tecnico.sdis.zk.ZKNaming$1@1a0c373e
2022-01-05 18:19:02,515 [myid:] - INFO  [pt.tecnico.Server.ServerMain.main():X509Util@77] - Setting -D jdk.tls.rejectClientInitiatedRenegotiation=true to disable client-initiated TLS renegotiation
2022-01-05 18:19:02,518 [myid:] - INFO  [pt.tecnico.Server.ServerMain.main():ClientCnxnSocket@239] - jute.maxbuffer value is 1048575 Bytes
2022-01-05 18:19:02,522 [myid:] - INFO  [pt.tecnico.Server.ServerMain.main():ClientCnxn@1716] - zookeeper.request.timeout value is 0. feature enabled=false
2022-01-05 18:19:02,529 [myid:localhost:2181] - INFO  [pt.tecnico.Server.ServerMain.main(localhost:2181):ClientCnxn$SendThread@1167] - Opening socket connection to server localhost/127.0.0.1:2181.
2022-01-05 18:19:02,529 [myid:localhost:2181] - INFO  [pt.tecnico.Server.ServerMain.main(localhost:2181):ClientCnxn$SendThread@1169] - SASL config status: Will not attempt to authenticate using SASL (unknown error)
2022-01-05 18:19:02,535 [myid:localhost:2181] - INFO  [pt.tecnico.Server.ServerMain.main(localhost:2181):ClientCnxn$SendThread@999] - Socket connection established, initiating session, client: /127.0.0.1:48446, server: localhost/127.0.0.1:2181
2022-01-05 18:19:02,581 [myid:localhost:2181] - INFO  [pt.tecnico.Server.ServerMain.main(localhost:2181):ClientCnxn$SendThread@1433] - Session establishment complete on server localhost/127.0.0.1:2181, session id = 0x1000019d930002b, negotiated timeout = 5000
2022-01-05 18:19:02,587 [myid:] - INFO  [pt.tecnico.Server.ServerMain.main():ZooKeeper@1006] - Initiating client connection, connectString=localhost:2181 sessionTimeout=5000 watcher=pt.ulisboa.tecnico.sdis.zk.ZKNaming$1@573139b7
2022-01-05 18:19:02,587 [myid:] - INFO  [pt.tecnico.Server.ServerMain.main():ClientCnxnSocket@239] - jute.maxbuffer value is 1048575 Bytes
2022-01-05 18:19:02,587 [myid:] - INFO  [pt.tecnico.Server.ServerMain.main():ClientCnxn@1716] - zookeeper.request.timeout value is 0. feature enabled=false
2022-01-05 18:19:02,588 [myid:localhost:2181] - INFO  [pt.tecnico.Server.ServerMain.main(localhost:2181):ClientCnxn$SendThread@1167] - Opening socket connection to server localhost/127.0.0.1:2181.
2022-01-05 18:19:02,588 [myid:localhost:2181] - INFO  [pt.tecnico.Server.ServerMain.main(localhost:2181):ClientCnxn$SendThread@1169] - SASL config status: Will not attempt to authenticate using SASL (unknown error)
2022-01-05 18:19:02,588 [myid:localhost:2181] - INFO  [pt.tecnico.Server.ServerMain.main(localhost:2181):ClientCnxn$SendThread@999] - Socket connection established, initiating session, client: /127.0.0.1:48448, server: localhost/127.0.0.1:2181
2022-01-05 18:19:02,591 [myid:localhost:2181] - INFO  [pt.tecnico.Server.ServerMain.main(localhost:2181):ClientCnxn$SendThread@1433] - Session establishment complete on server localhost/127.0.0.1:2181, session id = 0x1000019d930002c, negotiated timeout = 5000
2022-01-05 18:19:02,618 [myid:localhost:2181] - WARN  [pt.tecnico.Server.ServerMain.main(localhost:2181):ClientCnxn$SendThread@1279] - An exception was thrown while closing send thread for session 0x1000019d930002c.
EndOfStreamException: Unable to read additional data from server sessionid 0x1000019d930002c, likely server has closed socket
	at org.apache.zookeeper.ClientCnxnSocketNIO.doIO(ClientCnxnSocketNIO.java:77)
	at org.apache.zookeeper.ClientCnxnSocketNIO.doTransport(ClientCnxnSocketNIO.java:350)
	at org.apache.zookeeper.ClientCnxn$SendThread.run(ClientCnxn.java:1275)
2022-01-05 18:19:02,720 [myid:] - INFO  [pt.tecnico.Server.ServerMain.main():ZooKeeper@1619] - Session: 0x1000019d930002c closed
2022-01-05 18:19:02,720 [myid:] - INFO  [pt.tecnico.Server.ServerMain.main()-EventThread:ClientCnxn$EventThread@577] - EventThread shut down for session: 0x1000019d930002c
2022-01-05 18:20:24,743 [myid:] - INFO  [Thread-1:ZooKeeper@1006] - Initiating client connection, connectString=localhost:2181 sessionTimeout=5000 watcher=pt.ulisboa.tecnico.sdis.zk.ZKNaming$1@e54af85
2022-01-05 18:20:24,767 [myid:] - INFO  [Thread-1:ClientCnxnSocket@239] - jute.maxbuffer value is 1048575 Bytes
2022-01-05 18:20:24,767 [myid:] - INFO  [Thread-1:ClientCnxn@1716] - zookeeper.request.timeout value is 0. feature enabled=false
2022-01-05 18:20:24,768 [myid:localhost:2181] - INFO  [Thread-1-SendThread(localhost:2181):ClientCnxn$SendThread@1167] - Opening socket connection to server localhost/127.0.0.1:2181.
2022-01-05 18:20:24,768 [myid:localhost:2181] - INFO  [Thread-1-SendThread(localhost:2181):ClientCnxn$SendThread@1169] - SASL config status: Will not attempt to authenticate using SASL (unknown error)
2022-01-05 18:20:24,768 [myid:localhost:2181] - INFO  [Thread-1-SendThread(localhost:2181):ClientCnxn$SendThread@999] - Socket connection established, initiating session, client: /127.0.0.1:48458, server: localhost/127.0.0.1:2181
2022-01-05 18:20:24,789 [myid:localhost:2181] - INFO  [Thread-1-SendThread(localhost:2181):ClientCnxn$SendThread@1433] - Session establishment complete on server localhost/127.0.0.1:2181, session id = 0x1000019d930002e, negotiated timeout = 5000
2022-01-05 18:20:24,912 [myid:] - INFO  [Thread-1:ZooKeeper@1619] - Session: 0x1000019d930002e closed
2022-01-05 18:20:24,913 [myid:] - INFO  [Thread-1-EventThread:ClientCnxn$EventThread@577] - EventThread shut down for session: 0x1000019d930002e
2022-01-10 12:38:13,162 [myid:] - INFO  [pt.tecnico.Server.ServerMain.main():Environment@98] - Client environment:zookeeper.version=3.6.2--803c7f1a12f85978cb049af5e4ef23bd8b688715, built on 09/04/2020 12:44 GMT
2022-01-10 12:38:13,165 [myid:] - INFO  [pt.tecnico.Server.ServerMain.main():Environment@98] - Client environment:host.name=DESKTOP-2D3O1MH
2022-01-10 12:38:13,165 [myid:] - INFO  [pt.tecnico.Server.ServerMain.main():Environment@98] - Client environment:java.version=11.0.1
2022-01-10 12:38:13,165 [myid:] - INFO  [pt.tecnico.Server.ServerMain.main():Environment@98] - Client environment:java.vendor=Oracle Corporation
2022-01-10 12:38:13,165 [myid:] - INFO  [pt.tecnico.Server.ServerMain.main():Environment@98] - Client environment:java.home=C:\jdk-11.0.1
2022-01-10 12:38:13,165 [myid:] - INFO  [pt.tecnico.Server.ServerMain.main():Environment@98] - Client environment:java.class.path=C:\maven\boot\plexus-classworlds-2.6.0.jar
2022-01-10 12:38:13,165 [myid:] - INFO  [pt.tecnico.Server.ServerMain.main():Environment@98] - Client environment:java.library.path=C:\jdk-11.0.1\bin;C:\Windows\Sun\Java\bin;C:\Windows\system32;C:\Windows;C:\jdk-11.0.1\bin;C:\maven\bin;C:\Windows\system32;C:\Windows;C:\Windows\System32\Wbem;C:\Windows\System32\WindowsPowerShell\v1.0\;C:\Windows\System32\OpenSSH\;C:\ProgramData\chocolatey\bin;C:\Program Files\Microsoft VS Code\bin;C:\HashiCorp\Vagrant\bin;C:\Program Files\Git\cmd;C:\Program Files\dotnet\;C:\jdk-11.0.1\bin;C:\maven\bin;C:\Users\david\AppData\Local\Programs\Python\Python38\Scripts\;C:\Users\david\AppData\Local\Programs\Python\Python38\;C:\Users\david\AppData\Local\Microsoft\WindowsApps;C:\Program Files\Oracle\VirtualBox;;.
2022-01-10 12:38:13,166 [myid:] - INFO  [pt.tecnico.Server.ServerMain.main():Environment@98] - Client environment:java.io.tmpdir=C:\Users\david\AppData\Local\Temp\
2022-01-10 12:38:13,166 [myid:] - INFO  [pt.tecnico.Server.ServerMain.main():Environment@98] - Client environment:java.compiler=<NA>
2022-01-10 12:38:13,166 [myid:] - INFO  [pt.tecnico.Server.ServerMain.main():Environment@98] - Client environment:os.name=Windows 10
2022-01-10 12:38:13,166 [myid:] - INFO  [pt.tecnico.Server.ServerMain.main():Environment@98] - Client environment:os.arch=amd64
2022-01-10 12:38:13,166 [myid:] - INFO  [pt.tecnico.Server.ServerMain.main():Environment@98] - Client environment:os.version=10.0
2022-01-10 12:38:13,166 [myid:] - INFO  [pt.tecnico.Server.ServerMain.main():Environment@98] - Client environment:user.name=david
2022-01-10 12:38:13,166 [myid:] - INFO  [pt.tecnico.Server.ServerMain.main():Environment@98] - Client environment:user.home=C:\Users\david
2022-01-10 12:38:13,166 [myid:] - INFO  [pt.tecnico.Server.ServerMain.main():Environment@98] - Client environment:user.dir=C:\Users\david\Nova pasta\RansomwareResistantRemoteDocuments\Server
2022-01-10 12:38:13,166 [myid:] - INFO  [pt.tecnico.Server.ServerMain.main():Environment@98] - Client environment:os.memory.free=429MB
2022-01-10 12:38:13,167 [myid:] - INFO  [pt.tecnico.Server.ServerMain.main():Environment@98] - Client environment:os.memory.max=8180MB
2022-01-10 12:38:13,167 [myid:] - INFO  [pt.tecnico.Server.ServerMain.main():Environment@98] - Client environment:os.memory.total=512MB
2022-01-10 12:38:13,169 [myid:] - INFO  [pt.tecnico.Server.ServerMain.main():ZooKeeper@1006] - Initiating client connection, connectString=localhost:2181 sessionTimeout=5000 watcher=pt.ulisboa.tecnico.sdis.zk.ZKNaming$1@1d25ca8a
2022-01-10 12:38:13,172 [myid:] - INFO  [pt.tecnico.Server.ServerMain.main():X509Util@77] - Setting -D jdk.tls.rejectClientInitiatedRenegotiation=true to disable client-initiated TLS renegotiation
2022-01-10 12:38:13,376 [myid:] - INFO  [pt.tecnico.Server.ServerMain.main():ClientCnxnSocket@239] - jute.maxbuffer value is 1048575 Bytes
2022-01-10 12:38:13,381 [myid:] - INFO  [pt.tecnico.Server.ServerMain.main():ClientCnxn@1716] - zookeeper.request.timeout value is 0. feature enabled=false
2022-01-10 12:38:13,387 [myid:localhost:2181] - INFO  [pt.tecnico.Server.ServerMain.main(localhost:2181):ClientCnxn$SendThread@1167] - Opening socket connection to server localhost/127.0.0.1:2181.
2022-01-10 12:38:13,387 [myid:localhost:2181] - INFO  [pt.tecnico.Server.ServerMain.main(localhost:2181):ClientCnxn$SendThread@1169] - SASL config status: Will not attempt to authenticate using SASL (unknown error)
2022-01-10 12:38:13,389 [myid:localhost:2181] - INFO  [pt.tecnico.Server.ServerMain.main(localhost:2181):ClientCnxn$SendThread@999] - Socket connection established, initiating session, client: /127.0.0.1:56322, server: localhost/127.0.0.1:2181
2022-01-10 12:38:13,393 [myid:localhost:2181] - INFO  [pt.tecnico.Server.ServerMain.main(localhost:2181):ClientCnxn$SendThread@1433] - Session establishment complete on server localhost/127.0.0.1:2181, session id = 0x100488c9463002e, negotiated timeout = 5000
2022-01-10 12:38:13,513 [myid:] - INFO  [pt.tecnico.Server.ServerMain.main():ZooKeeper@1619] - Session: 0x100488c9463002e closed
2022-01-10 12:38:13,513 [myid:] - INFO  [pt.tecnico.Server.ServerMain.main()-EventThread:ClientCnxn$EventThread@577] - EventThread shut down for session: 0x100488c9463002e
2022-01-10 12:38:13,522 [myid:] - INFO  [pt.tecnico.Server.ServerMain.main():ZooKeeper@1006] - Initiating client connection, connectString=localhost:2181 sessionTimeout=5000 watcher=pt.ulisboa.tecnico.sdis.zk.ZKNaming$1@2c3f1df8
2022-01-10 12:38:13,523 [myid:] - INFO  [pt.tecnico.Server.ServerMain.main():ClientCnxnSocket@239] - jute.maxbuffer value is 1048575 Bytes
2022-01-10 12:38:13,523 [myid:] - INFO  [pt.tecnico.Server.ServerMain.main():ClientCnxn@1716] - zookeeper.request.timeout value is 0. feature enabled=false
2022-01-10 12:38:13,524 [myid:localhost:2181] - INFO  [pt.tecnico.Server.ServerMain.main(localhost:2181):ClientCnxn$SendThread@1167] - Opening socket connection to server localhost/0:0:0:0:0:0:0:1:2181.
2022-01-10 12:38:13,524 [myid:localhost:2181] - INFO  [pt.tecnico.Server.ServerMain.main(localhost:2181):ClientCnxn$SendThread@1169] - SASL config status: Will not attempt to authenticate using SASL (unknown error)
2022-01-10 12:38:13,524 [myid:localhost:2181] - INFO  [pt.tecnico.Server.ServerMain.main(localhost:2181):ClientCnxn$SendThread@999] - Socket connection established, initiating session, client: /0:0:0:0:0:0:0:1:56325, server: localhost/0:0:0:0:0:0:0:1:2181
2022-01-10 12:38:13,526 [myid:localhost:2181] - INFO  [pt.tecnico.Server.ServerMain.main(localhost:2181):ClientCnxn$SendThread@1433] - Session establishment complete on server localhost/0:0:0:0:0:0:0:1:2181, session id = 0x100488c9463002f, negotiated timeout = 5000
2022-01-10 12:38:13,527 [myid:] - INFO  [pt.tecnico.Server.ServerMain.main():ZooKeeper@1006] - Initiating client connection, connectString=localhost:2181 sessionTimeout=5000 watcher=pt.ulisboa.tecnico.sdis.zk.ZKNaming$1@435adb35
2022-01-10 12:38:13,532 [myid:] - INFO  [pt.tecnico.Server.ServerMain.main():ClientCnxnSocket@239] - jute.maxbuffer value is 1048575 Bytes
2022-01-10 12:38:13,532 [myid:] - INFO  [pt.tecnico.Server.ServerMain.main():ClientCnxn@1716] - zookeeper.request.timeout value is 0. feature enabled=false
2022-01-10 12:38:13,532 [myid:localhost:2181] - INFO  [pt.tecnico.Server.ServerMain.main(localhost:2181):ClientCnxn$SendThread@1167] - Opening socket connection to server localhost/127.0.0.1:2181.
2022-01-10 12:38:13,533 [myid:localhost:2181] - INFO  [pt.tecnico.Server.ServerMain.main(localhost:2181):ClientCnxn$SendThread@1169] - SASL config status: Will not attempt to authenticate using SASL (unknown error)
2022-01-10 12:38:13,533 [myid:localhost:2181] - INFO  [pt.tecnico.Server.ServerMain.main(localhost:2181):ClientCnxn$SendThread@999] - Socket connection established, initiating session, client: /127.0.0.1:56328, server: localhost/127.0.0.1:2181
2022-01-10 12:38:13,535 [myid:localhost:2181] - INFO  [pt.tecnico.Server.ServerMain.main(localhost:2181):ClientCnxn$SendThread@1433] - Session establishment complete on server localhost/127.0.0.1:2181, session id = 0x100488c94630030, negotiated timeout = 5000
2022-01-10 12:38:13,549 [myid:] - INFO  [pt.tecnico.Server.ServerMain.main():ZooKeeper@1006] - Initiating client connection, connectString=localhost:2181 sessionTimeout=5000 watcher=pt.ulisboa.tecnico.sdis.zk.ZKNaming$1@7e4de86
2022-01-10 12:38:13,550 [myid:] - INFO  [pt.tecnico.Server.ServerMain.main():ClientCnxnSocket@239] - jute.maxbuffer value is 1048575 Bytes
2022-01-10 12:38:13,550 [myid:] - INFO  [pt.tecnico.Server.ServerMain.main():ClientCnxn@1716] - zookeeper.request.timeout value is 0. feature enabled=false
2022-01-10 12:38:13,550 [myid:localhost:2181] - INFO  [pt.tecnico.Server.ServerMain.main(localhost:2181):ClientCnxn$SendThread@1167] - Opening socket connection to server localhost/0:0:0:0:0:0:0:1:2181.
2022-01-10 12:38:13,550 [myid:localhost:2181] - INFO  [pt.tecnico.Server.ServerMain.main(localhost:2181):ClientCnxn$SendThread@1169] - SASL config status: Will not attempt to authenticate using SASL (unknown error)
2022-01-10 12:38:13,551 [myid:localhost:2181] - INFO  [pt.tecnico.Server.ServerMain.main(localhost:2181):ClientCnxn$SendThread@999] - Socket connection established, initiating session, client: /0:0:0:0:0:0:0:1:56331, server: localhost/0:0:0:0:0:0:0:1:2181
2022-01-10 12:38:13,552 [myid:localhost:2181] - INFO  [pt.tecnico.Server.ServerMain.main(localhost:2181):ClientCnxn$SendThread@1433] - Session establishment complete on server localhost/0:0:0:0:0:0:0:1:2181, session id = 0x100488c94630031, negotiated timeout = 5000
2022-01-10 12:38:13,666 [myid:] - INFO  [pt.tecnico.Server.ServerMain.main():ZooKeeper@1619] - Session: 0x100488c94630031 closed
2022-01-10 12:38:13,666 [myid:] - INFO  [pt.tecnico.Server.ServerMain.main()-EventThread:ClientCnxn$EventThread@577] - EventThread shut down for session: 0x100488c94630031
2022-01-10 12:40:19,044 [myid:localhost:2181] - WARN  [pt.tecnico.Server.ServerMain.main(localhost:2181):ClientCnxn$SendThread@1285] - Session 0x100488c94630030 for sever localhost/127.0.0.1:2181, Closing socket connection. Attempting reconnect except it is a SessionExpiredException.
java.io.IOException: Uma ligação existente foi forçada a fechar pelo anfitrião remoto
	at java.base/sun.nio.ch.SocketDispatcher.read0(Native Method)
	at java.base/sun.nio.ch.SocketDispatcher.read(SocketDispatcher.java:43)
	at java.base/sun.nio.ch.IOUtil.readIntoNativeBuffer(IOUtil.java:276)
	at java.base/sun.nio.ch.IOUtil.read(IOUtil.java:233)
	at java.base/sun.nio.ch.IOUtil.read(IOUtil.java:223)
	at java.base/sun.nio.ch.SocketChannelImpl.read(SocketChannelImpl.java:358)
	at org.apache.zookeeper.ClientCnxnSocketNIO.doIO(ClientCnxnSocketNIO.java:74)
	at org.apache.zookeeper.ClientCnxnSocketNIO.doTransport(ClientCnxnSocketNIO.java:350)
	at org.apache.zookeeper.ClientCnxn$SendThread.run(ClientCnxn.java:1275)
2022-01-10 12:40:19,044 [myid:localhost:2181] - WARN  [pt.tecnico.Server.ServerMain.main(localhost:2181):ClientCnxn$SendThread@1285] - Session 0x100488c9463002f for sever localhost/0:0:0:0:0:0:0:1:2181, Closing socket connection. Attempting reconnect except it is a SessionExpiredException.
java.io.IOException: Uma ligação existente foi forçada a fechar pelo anfitrião remoto
	at java.base/sun.nio.ch.SocketDispatcher.read0(Native Method)
	at java.base/sun.nio.ch.SocketDispatcher.read(SocketDispatcher.java:43)
	at java.base/sun.nio.ch.IOUtil.readIntoNativeBuffer(IOUtil.java:276)
	at java.base/sun.nio.ch.IOUtil.read(IOUtil.java:233)
	at java.base/sun.nio.ch.IOUtil.read(IOUtil.java:223)
	at java.base/sun.nio.ch.SocketChannelImpl.read(SocketChannelImpl.java:358)
	at org.apache.zookeeper.ClientCnxnSocketNIO.doIO(ClientCnxnSocketNIO.java:74)
	at org.apache.zookeeper.ClientCnxnSocketNIO.doTransport(ClientCnxnSocketNIO.java:350)
	at org.apache.zookeeper.ClientCnxn$SendThread.run(ClientCnxn.java:1275)
2022-01-10 12:40:20,506 [myid:localhost:2181] - INFO  [pt.tecnico.Server.ServerMain.main(localhost:2181):ClientCnxn$SendThread@1167] - Opening socket connection to server localhost/127.0.0.1:2181.
2022-01-10 12:40:20,506 [myid:localhost:2181] - INFO  [pt.tecnico.Server.ServerMain.main(localhost:2181):ClientCnxn$SendThread@1169] - SASL config status: Will not attempt to authenticate using SASL (unknown error)
2022-01-10 12:40:20,813 [myid:localhost:2181] - INFO  [pt.tecnico.Server.ServerMain.main(localhost:2181):ClientCnxn$SendThread@1167] - Opening socket connection to server localhost/127.0.0.1:2181.
2022-01-10 12:40:20,813 [myid:localhost:2181] - INFO  [pt.tecnico.Server.ServerMain.main(localhost:2181):ClientCnxn$SendThread@1169] - SASL config status: Will not attempt to authenticate using SASL (unknown error)
2022-01-10 12:40:22,527 [myid:localhost:2181] - WARN  [pt.tecnico.Server.ServerMain.main(localhost:2181):ClientCnxn$SendThread@1285] - Session 0x100488c9463002f for sever localhost/127.0.0.1:2181, Closing socket connection. Attempting reconnect except it is a SessionExpiredException.
java.net.ConnectException: Connection refused: no further information
	at java.base/sun.nio.ch.SocketChannelImpl.checkConnect(Native Method)
	at java.base/sun.nio.ch.SocketChannelImpl.finishConnect(SocketChannelImpl.java:779)
	at org.apache.zookeeper.ClientCnxnSocketNIO.doTransport(ClientCnxnSocketNIO.java:344)
	at org.apache.zookeeper.ClientCnxn$SendThread.run(ClientCnxn.java:1275)
2022-01-10 12:40:22,847 [myid:localhost:2181] - WARN  [pt.tecnico.Server.ServerMain.main(localhost:2181):ClientCnxn$SendThread@1285] - Session 0x100488c94630030 for sever localhost/127.0.0.1:2181, Closing socket connection. Attempting reconnect except it is a SessionExpiredException.
java.net.ConnectException: Connection refused: no further information
	at java.base/sun.nio.ch.SocketChannelImpl.checkConnect(Native Method)
	at java.base/sun.nio.ch.SocketChannelImpl.finishConnect(SocketChannelImpl.java:779)
	at org.apache.zookeeper.ClientCnxnSocketNIO.doTransport(ClientCnxnSocketNIO.java:344)
	at org.apache.zookeeper.ClientCnxn$SendThread.run(ClientCnxn.java:1275)
2022-01-10 12:40:24,111 [myid:localhost:2181] - INFO  [pt.tecnico.Server.ServerMain.main(localhost:2181):ClientCnxn$SendThread@1167] - Opening socket connection to server localhost/127.0.0.1:2181.
2022-01-10 12:40:24,111 [myid:localhost:2181] - INFO  [pt.tecnico.Server.ServerMain.main(localhost:2181):ClientCnxn$SendThread@1169] - SASL config status: Will not attempt to authenticate using SASL (unknown error)
2022-01-10 12:40:24,128 [myid:localhost:2181] - INFO  [pt.tecnico.Server.ServerMain.main(localhost:2181):ClientCnxn$SendThread@1167] - Opening socket connection to server localhost/127.0.0.1:2181.
2022-01-10 12:40:24,128 [myid:localhost:2181] - INFO  [pt.tecnico.Server.ServerMain.main(localhost:2181):ClientCnxn$SendThread@1169] - SASL config status: Will not attempt to authenticate using SASL (unknown error)
2022-01-10 12:40:26,145 [myid:localhost:2181] - WARN  [pt.tecnico.Server.ServerMain.main(localhost:2181):ClientCnxn$SendThread@1285] - Session 0x100488c94630030 for sever localhost/127.0.0.1:2181, Closing socket connection. Attempting reconnect except it is a SessionExpiredException.
java.net.ConnectException: Connection refused: no further information
	at java.base/sun.nio.ch.SocketChannelImpl.checkConnect(Native Method)
	at java.base/sun.nio.ch.SocketChannelImpl.finishConnect(SocketChannelImpl.java:779)
	at org.apache.zookeeper.ClientCnxnSocketNIO.doTransport(ClientCnxnSocketNIO.java:344)
	at org.apache.zookeeper.ClientCnxn$SendThread.run(ClientCnxn.java:1275)
2022-01-10 12:40:26,160 [myid:localhost:2181] - WARN  [pt.tecnico.Server.ServerMain.main(localhost:2181):ClientCnxn$SendThread@1285] - Session 0x100488c9463002f for sever localhost/127.0.0.1:2181, Closing socket connection. Attempting reconnect except it is a SessionExpiredException.
java.net.ConnectException: Connection refused: no further information
	at java.base/sun.nio.ch.SocketChannelImpl.checkConnect(Native Method)
	at java.base/sun.nio.ch.SocketChannelImpl.finishConnect(SocketChannelImpl.java:779)
	at org.apache.zookeeper.ClientCnxnSocketNIO.doTransport(ClientCnxnSocketNIO.java:344)
	at org.apache.zookeeper.ClientCnxn$SendThread.run(ClientCnxn.java:1275)
2022-01-10 12:40:27,397 [myid:localhost:2181] - INFO  [pt.tecnico.Server.ServerMain.main(localhost:2181):ClientCnxn$SendThread@1167] - Opening socket connection to server localhost/127.0.0.1:2181.
2022-01-10 12:40:27,397 [myid:localhost:2181] - INFO  [pt.tecnico.Server.ServerMain.main(localhost:2181):ClientCnxn$SendThread@1169] - SASL config status: Will not attempt to authenticate using SASL (unknown error)
2022-01-10 12:40:27,726 [myid:localhost:2181] - INFO  [pt.tecnico.Server.ServerMain.main(localhost:2181):ClientCnxn$SendThread@1167] - Opening socket connection to server localhost/127.0.0.1:2181.
2022-01-10 12:40:27,726 [myid:localhost:2181] - INFO  [pt.tecnico.Server.ServerMain.main(localhost:2181):ClientCnxn$SendThread@1169] - SASL config status: Will not attempt to authenticate using SASL (unknown error)
2022-01-10 12:40:27,940 [myid:] - INFO  [Thread-1:ZooKeeper@1006] - Initiating client connection, connectString=localhost:2181 sessionTimeout=5000 watcher=pt.ulisboa.tecnico.sdis.zk.ZKNaming$1@54fd9c03
2022-01-10 12:40:27,941 [myid:] - INFO  [Thread-1:ClientCnxnSocket@239] - jute.maxbuffer value is 1048575 Bytes
2022-01-10 12:40:27,941 [myid:] - INFO  [Thread-1:ClientCnxn@1716] - zookeeper.request.timeout value is 0. feature enabled=false
2022-01-10 12:40:27,941 [myid:localhost:2181] - INFO  [Thread-1-SendThread(localhost:2181):ClientCnxn$SendThread@1167] - Opening socket connection to server localhost/0:0:0:0:0:0:0:1:2181.
2022-01-10 12:40:27,942 [myid:localhost:2181] - INFO  [Thread-1-SendThread(localhost:2181):ClientCnxn$SendThread@1169] - SASL config status: Will not attempt to authenticate using SASL (unknown error)
2022-01-10 12:40:29,423 [myid:localhost:2181] - WARN  [pt.tecnico.Server.ServerMain.main(localhost:2181):ClientCnxn$SendThread@1285] - Session 0x100488c9463002f for sever localhost/127.0.0.1:2181, Closing socket connection. Attempting reconnect except it is a SessionExpiredException.
java.net.ConnectException: Connection refused: no further information
	at java.base/sun.nio.ch.SocketChannelImpl.checkConnect(Native Method)
	at java.base/sun.nio.ch.SocketChannelImpl.finishConnect(SocketChannelImpl.java:779)
	at org.apache.zookeeper.ClientCnxnSocketNIO.doTransport(ClientCnxnSocketNIO.java:344)
	at org.apache.zookeeper.ClientCnxn$SendThread.run(ClientCnxn.java:1275)
2022-01-10 12:40:29,748 [myid:localhost:2181] - WARN  [pt.tecnico.Server.ServerMain.main(localhost:2181):ClientCnxn$SendThread@1285] - Session 0x100488c94630030 for sever localhost/127.0.0.1:2181, Closing socket connection. Attempting reconnect except it is a SessionExpiredException.
java.net.ConnectException: Connection refused: no further information
	at java.base/sun.nio.ch.SocketChannelImpl.checkConnect(Native Method)
	at java.base/sun.nio.ch.SocketChannelImpl.finishConnect(SocketChannelImpl.java:779)
	at org.apache.zookeeper.ClientCnxnSocketNIO.doTransport(ClientCnxnSocketNIO.java:344)
	at org.apache.zookeeper.ClientCnxn$SendThread.run(ClientCnxn.java:1275)
2022-01-10 12:40:29,982 [myid:localhost:2181] - WARN  [Thread-1-SendThread(localhost:2181):ClientCnxn$SendThread@1285] - Session 0x0 for sever localhost/0:0:0:0:0:0:0:1:2181, Closing socket connection. Attempting reconnect except it is a SessionExpiredException.
java.net.ConnectException: Connection refused: no further information
	at java.base/sun.nio.ch.SocketChannelImpl.checkConnect(Native Method)
	at java.base/sun.nio.ch.SocketChannelImpl.finishConnect(SocketChannelImpl.java:779)
	at org.apache.zookeeper.ClientCnxnSocketNIO.doTransport(ClientCnxnSocketNIO.java:344)
	at org.apache.zookeeper.ClientCnxn$SendThread.run(ClientCnxn.java:1275)
2022-01-10 12:40:31,095 [myid:localhost:2181] - INFO  [Thread-1-SendThread(localhost:2181):ClientCnxn$SendThread@1167] - Opening socket connection to server localhost/0:0:0:0:0:0:0:1:2181.
2022-01-10 12:40:31,095 [myid:localhost:2181] - INFO  [Thread-1-SendThread(localhost:2181):ClientCnxn$SendThread@1169] - SASL config status: Will not attempt to authenticate using SASL (unknown error)
2022-01-10 12:40:31,283 [myid:localhost:2181] - INFO  [pt.tecnico.Server.ServerMain.main(localhost:2181):ClientCnxn$SendThread@1167] - Opening socket connection to server localhost/127.0.0.1:2181.
2022-01-10 12:40:31,283 [myid:localhost:2181] - INFO  [pt.tecnico.Server.ServerMain.main(localhost:2181):ClientCnxn$SendThread@1169] - SASL config status: Will not attempt to authenticate using SASL (unknown error)
2022-01-10 12:40:31,597 [myid:localhost:2181] - INFO  [pt.tecnico.Server.ServerMain.main(localhost:2181):ClientCnxn$SendThread@1167] - Opening socket connection to server localhost/127.0.0.1:2181.
2022-01-10 12:40:31,597 [myid:localhost:2181] - INFO  [pt.tecnico.Server.ServerMain.main(localhost:2181):ClientCnxn$SendThread@1169] - SASL config status: Will not attempt to authenticate using SASL (unknown error)
2022-01-10 12:40:33,113 [myid:localhost:2181] - WARN  [Thread-1-SendThread(localhost:2181):ClientCnxn$SendThread@1279] - An exception was thrown while closing send thread for session 0x0.
java.net.ConnectException: Connection refused: no further information
	at java.base/sun.nio.ch.SocketChannelImpl.checkConnect(Native Method)
	at java.base/sun.nio.ch.SocketChannelImpl.finishConnect(SocketChannelImpl.java:779)
	at org.apache.zookeeper.ClientCnxnSocketNIO.doTransport(ClientCnxnSocketNIO.java:344)
	at org.apache.zookeeper.ClientCnxn$SendThread.run(ClientCnxn.java:1275)
2022-01-10 12:40:33,222 [myid:] - INFO  [Thread-1:ZooKeeper@1619] - Session: 0x0 closed
2022-01-10 12:40:33,222 [myid:] - INFO  [Thread-1-EventThread:ClientCnxn$EventThread@577] - EventThread shut down for session: 0x0
2022-01-10 12:40:33,299 [myid:localhost:2181] - WARN  [pt.tecnico.Server.ServerMain.main(localhost:2181):ClientCnxn$SendThread@1285] - Session 0x100488c9463002f for sever localhost/127.0.0.1:2181, Closing socket connection. Attempting reconnect except it is a SessionExpiredException.
java.net.ConnectException: Connection refused: no further information
	at java.base/sun.nio.ch.SocketChannelImpl.checkConnect(Native Method)
	at java.base/sun.nio.ch.SocketChannelImpl.finishConnect(SocketChannelImpl.java:779)
	at org.apache.zookeeper.ClientCnxnSocketNIO.doTransport(ClientCnxnSocketNIO.java:344)
	at org.apache.zookeeper.ClientCnxn$SendThread.run(ClientCnxn.java:1275)
2022-01-10 12:40:33,619 [myid:localhost:2181] - WARN  [pt.tecnico.Server.ServerMain.main(localhost:2181):ClientCnxn$SendThread@1285] - Session 0x100488c94630030 for sever localhost/127.0.0.1:2181, Closing socket connection. Attempting reconnect except it is a SessionExpiredException.
java.net.ConnectException: Connection refused: no further information
	at java.base/sun.nio.ch.SocketChannelImpl.checkConnect(Native Method)
	at java.base/sun.nio.ch.SocketChannelImpl.finishConnect(SocketChannelImpl.java:779)
	at org.apache.zookeeper.ClientCnxnSocketNIO.doTransport(ClientCnxnSocketNIO.java:344)
	at org.apache.zookeeper.ClientCnxn$SendThread.run(ClientCnxn.java:1275)
2022-01-10 12:40:34,843 [myid:localhost:2181] - INFO  [pt.tecnico.Server.ServerMain.main(localhost:2181):ClientCnxn$SendThread@1167] - Opening socket connection to server localhost/127.0.0.1:2181.
2022-01-10 12:40:34,843 [myid:localhost:2181] - INFO  [pt.tecnico.Server.ServerMain.main(localhost:2181):ClientCnxn$SendThread@1169] - SASL config status: Will not attempt to authenticate using SASL (unknown error)
2022-01-10 12:40:34,903 [myid:localhost:2181] - INFO  [pt.tecnico.Server.ServerMain.main(localhost:2181):ClientCnxn$SendThread@1167] - Opening socket connection to server localhost/127.0.0.1:2181.
2022-01-10 12:40:34,903 [myid:localhost:2181] - INFO  [pt.tecnico.Server.ServerMain.main(localhost:2181):ClientCnxn$SendThread@1169] - SASL config status: Will not attempt to authenticate using SASL (unknown error)
2022-01-10 16:33:12,074 [myid:] - INFO  [pt.tecnico.Server.ServerMain.main():Environment@98] - Client environment:zookeeper.version=3.6.2--803c7f1a12f85978cb049af5e4ef23bd8b688715, built on 09/04/2020 12:44 GMT
2022-01-10 16:33:12,076 [myid:] - INFO  [pt.tecnico.Server.ServerMain.main():Environment@98] - Client environment:host.name=DESKTOP-2D3O1MH
2022-01-10 16:33:12,076 [myid:] - INFO  [pt.tecnico.Server.ServerMain.main():Environment@98] - Client environment:java.version=11.0.1
2022-01-10 16:33:12,076 [myid:] - INFO  [pt.tecnico.Server.ServerMain.main():Environment@98] - Client environment:java.vendor=Oracle Corporation
2022-01-10 16:33:12,077 [myid:] - INFO  [pt.tecnico.Server.ServerMain.main():Environment@98] - Client environment:java.home=C:\jdk-11.0.1
2022-01-10 16:33:12,077 [myid:] - INFO  [pt.tecnico.Server.ServerMain.main():Environment@98] - Client environment:java.class.path=C:\maven\boot\plexus-classworlds-2.6.0.jar
2022-01-10 16:33:12,077 [myid:] - INFO  [pt.tecnico.Server.ServerMain.main():Environment@98] - Client environment:java.library.path=C:\jdk-11.0.1\bin;C:\Windows\Sun\Java\bin;C:\Windows\system32;C:\Windows;C:\jdk-11.0.1\bin;C:\maven\bin;C:\Windows\system32;C:\Windows;C:\Windows\System32\Wbem;C:\Windows\System32\WindowsPowerShell\v1.0\;C:\Windows\System32\OpenSSH\;C:\ProgramData\chocolatey\bin;C:\Program Files\Microsoft VS Code\bin;C:\HashiCorp\Vagrant\bin;C:\Program Files\Git\cmd;C:\Program Files\dotnet\;C:\jdk-11.0.1\bin;C:\maven\bin;C:\Users\david\AppData\Local\Programs\Python\Python38\Scripts\;C:\Users\david\AppData\Local\Programs\Python\Python38\;C:\Users\david\AppData\Local\Microsoft\WindowsApps;C:\Program Files\Oracle\VirtualBox;;.
2022-01-10 16:33:12,077 [myid:] - INFO  [pt.tecnico.Server.ServerMain.main():Environment@98] - Client environment:java.io.tmpdir=C:\Users\david\AppData\Local\Temp\
2022-01-10 16:33:12,077 [myid:] - INFO  [pt.tecnico.Server.ServerMain.main():Environment@98] - Client environment:java.compiler=<NA>
2022-01-10 16:33:12,077 [myid:] - INFO  [pt.tecnico.Server.ServerMain.main():Environment@98] - Client environment:os.name=Windows 10
2022-01-10 16:33:12,077 [myid:] - INFO  [pt.tecnico.Server.ServerMain.main():Environment@98] - Client environment:os.arch=amd64
2022-01-10 16:33:12,077 [myid:] - INFO  [pt.tecnico.Server.ServerMain.main():Environment@98] - Client environment:os.version=10.0
2022-01-10 16:33:12,077 [myid:] - INFO  [pt.tecnico.Server.ServerMain.main():Environment@98] - Client environment:user.name=david
2022-01-10 16:33:12,077 [myid:] - INFO  [pt.tecnico.Server.ServerMain.main():Environment@98] - Client environment:user.home=C:\Users\david
2022-01-10 16:33:12,077 [myid:] - INFO  [pt.tecnico.Server.ServerMain.main():Environment@98] - Client environment:user.dir=C:\Users\david\Nova pasta\RansomwareResistantRemoteDocuments\Server
2022-01-10 16:33:12,077 [myid:] - INFO  [pt.tecnico.Server.ServerMain.main():Environment@98] - Client environment:os.memory.free=498MB
2022-01-10 16:33:12,078 [myid:] - INFO  [pt.tecnico.Server.ServerMain.main():Environment@98] - Client environment:os.memory.max=8180MB
2022-01-10 16:33:12,078 [myid:] - INFO  [pt.tecnico.Server.ServerMain.main():Environment@98] - Client environment:os.memory.total=512MB
2022-01-10 16:33:12,080 [myid:] - INFO  [pt.tecnico.Server.ServerMain.main():ZooKeeper@1006] - Initiating client connection, connectString=localhost:2181 sessionTimeout=5000 watcher=pt.ulisboa.tecnico.sdis.zk.ZKNaming$1@34202156
2022-01-10 16:33:12,083 [myid:] - INFO  [pt.tecnico.Server.ServerMain.main():X509Util@77] - Setting -D jdk.tls.rejectClientInitiatedRenegotiation=true to disable client-initiated TLS renegotiation
2022-01-10 16:33:12,292 [myid:] - INFO  [pt.tecnico.Server.ServerMain.main():ClientCnxnSocket@239] - jute.maxbuffer value is 1048575 Bytes
2022-01-10 16:33:12,296 [myid:] - INFO  [pt.tecnico.Server.ServerMain.main():ClientCnxn@1716] - zookeeper.request.timeout value is 0. feature enabled=false
2022-01-10 16:33:12,303 [myid:localhost:2181] - INFO  [pt.tecnico.Server.ServerMain.main(localhost:2181):ClientCnxn$SendThread@1167] - Opening socket connection to server localhost/127.0.0.1:2181.
2022-01-10 16:33:12,303 [myid:localhost:2181] - INFO  [pt.tecnico.Server.ServerMain.main(localhost:2181):ClientCnxn$SendThread@1169] - SASL config status: Will not attempt to authenticate using SASL (unknown error)
2022-01-10 16:33:12,305 [myid:localhost:2181] - INFO  [pt.tecnico.Server.ServerMain.main(localhost:2181):ClientCnxn$SendThread@999] - Socket connection established, initiating session, client: /127.0.0.1:64553, server: localhost/127.0.0.1:2181
2022-01-10 16:33:12,310 [myid:localhost:2181] - INFO  [pt.tecnico.Server.ServerMain.main(localhost:2181):ClientCnxn$SendThread@1433] - Session establishment complete on server localhost/127.0.0.1:2181, session id = 0x1004963da470001, negotiated timeout = 5000
2022-01-10 16:33:12,435 [myid:] - INFO  [pt.tecnico.Server.ServerMain.main():ZooKeeper@1619] - Session: 0x1004963da470001 closed
2022-01-10 16:33:12,435 [myid:] - INFO  [pt.tecnico.Server.ServerMain.main()-EventThread:ClientCnxn$EventThread@577] - EventThread shut down for session: 0x1004963da470001
2022-01-10 16:33:12,446 [myid:] - INFO  [pt.tecnico.Server.ServerMain.main():ZooKeeper@1006] - Initiating client connection, connectString=localhost:2181 sessionTimeout=5000 watcher=pt.ulisboa.tecnico.sdis.zk.ZKNaming$1@3c1a25eb
2022-01-10 16:33:12,447 [myid:] - INFO  [pt.tecnico.Server.ServerMain.main():ClientCnxnSocket@239] - jute.maxbuffer value is 1048575 Bytes
2022-01-10 16:33:12,447 [myid:] - INFO  [pt.tecnico.Server.ServerMain.main():ClientCnxn@1716] - zookeeper.request.timeout value is 0. feature enabled=false
2022-01-10 16:33:12,448 [myid:localhost:2181] - INFO  [pt.tecnico.Server.ServerMain.main(localhost:2181):ClientCnxn$SendThread@1167] - Opening socket connection to server localhost/0:0:0:0:0:0:0:1:2181.
2022-01-10 16:33:12,448 [myid:localhost:2181] - INFO  [pt.tecnico.Server.ServerMain.main(localhost:2181):ClientCnxn$SendThread@1169] - SASL config status: Will not attempt to authenticate using SASL (unknown error)
2022-01-10 16:33:12,449 [myid:localhost:2181] - INFO  [pt.tecnico.Server.ServerMain.main(localhost:2181):ClientCnxn$SendThread@999] - Socket connection established, initiating session, client: /0:0:0:0:0:0:0:1:64556, server: localhost/0:0:0:0:0:0:0:1:2181
2022-01-10 16:33:12,451 [myid:localhost:2181] - INFO  [pt.tecnico.Server.ServerMain.main(localhost:2181):ClientCnxn$SendThread@1433] - Session establishment complete on server localhost/0:0:0:0:0:0:0:1:2181, session id = 0x1004963da470002, negotiated timeout = 5000
2022-01-10 16:33:12,453 [myid:] - INFO  [pt.tecnico.Server.ServerMain.main():ZooKeeper@1006] - Initiating client connection, connectString=localhost:2181 sessionTimeout=5000 watcher=pt.ulisboa.tecnico.sdis.zk.ZKNaming$1@46f364f7
2022-01-10 16:33:12,454 [myid:] - INFO  [pt.tecnico.Server.ServerMain.main():ClientCnxnSocket@239] - jute.maxbuffer value is 1048575 Bytes
2022-01-10 16:33:12,454 [myid:] - INFO  [pt.tecnico.Server.ServerMain.main():ClientCnxn@1716] - zookeeper.request.timeout value is 0. feature enabled=false
2022-01-10 16:33:12,455 [myid:localhost:2181] - INFO  [pt.tecnico.Server.ServerMain.main(localhost:2181):ClientCnxn$SendThread@1167] - Opening socket connection to server localhost/0:0:0:0:0:0:0:1:2181.
2022-01-10 16:33:12,455 [myid:localhost:2181] - INFO  [pt.tecnico.Server.ServerMain.main(localhost:2181):ClientCnxn$SendThread@1169] - SASL config status: Will not attempt to authenticate using SASL (unknown error)
2022-01-10 16:33:12,455 [myid:localhost:2181] - INFO  [pt.tecnico.Server.ServerMain.main(localhost:2181):ClientCnxn$SendThread@999] - Socket connection established, initiating session, client: /0:0:0:0:0:0:0:1:64559, server: localhost/0:0:0:0:0:0:0:1:2181
2022-01-10 16:33:12,457 [myid:localhost:2181] - INFO  [pt.tecnico.Server.ServerMain.main(localhost:2181):ClientCnxn$SendThread@1433] - Session establishment complete on server localhost/0:0:0:0:0:0:0:1:2181, session id = 0x1004963da470003, negotiated timeout = 5000
2022-01-10 16:33:12,574 [myid:] - INFO  [pt.tecnico.Server.ServerMain.main():ZooKeeper@1619] - Session: 0x1004963da470003 closed
2022-01-10 16:33:12,574 [myid:] - INFO  [pt.tecnico.Server.ServerMain.main()-EventThread:ClientCnxn$EventThread@577] - EventThread shut down for session: 0x1004963da470003
2022-01-10 16:35:57,980 [myid:] - INFO  [Thread-1:ZooKeeper@1006] - Initiating client connection, connectString=localhost:2181 sessionTimeout=5000 watcher=pt.ulisboa.tecnico.sdis.zk.ZKNaming$1@781d04ab
2022-01-10 16:35:57,981 [myid:] - INFO  [Thread-1:ClientCnxnSocket@239] - jute.maxbuffer value is 1048575 Bytes
2022-01-10 16:35:57,981 [myid:] - INFO  [Thread-1:ClientCnxn@1716] - zookeeper.request.timeout value is 0. feature enabled=false
2022-01-10 16:35:57,982 [myid:localhost:2181] - INFO  [Thread-1-SendThread(localhost:2181):ClientCnxn$SendThread@1167] - Opening socket connection to server localhost/127.0.0.1:2181.
2022-01-10 16:35:57,982 [myid:localhost:2181] - INFO  [Thread-1-SendThread(localhost:2181):ClientCnxn$SendThread@1169] - SASL config status: Will not attempt to authenticate using SASL (unknown error)
2022-01-10 16:35:57,983 [myid:localhost:2181] - INFO  [Thread-1-SendThread(localhost:2181):ClientCnxn$SendThread@999] - Socket connection established, initiating session, client: /127.0.0.1:64872, server: localhost/127.0.0.1:2181
2022-01-10 16:35:57,985 [myid:localhost:2181] - INFO  [Thread-1-SendThread(localhost:2181):ClientCnxn$SendThread@1433] - Session establishment complete on server localhost/127.0.0.1:2181, session id = 0x1004963da470007, negotiated timeout = 5000
2022-01-10 16:35:58,103 [myid:] - INFO  [Thread-1:ZooKeeper@1619] - Session: 0x1004963da470007 closed
2022-01-10 16:35:58,103 [myid:] - INFO  [Thread-1-EventThread:ClientCnxn$EventThread@577] - EventThread shut down for session: 0x1004963da470007
2022-01-10 16:36:25,682 [myid:] - INFO  [pt.tecnico.Server.ServerMain.main():Environment@98] - Client environment:zookeeper.version=3.6.2--803c7f1a12f85978cb049af5e4ef23bd8b688715, built on 09/04/2020 12:44 GMT
2022-01-10 16:36:25,684 [myid:] - INFO  [pt.tecnico.Server.ServerMain.main():Environment@98] - Client environment:host.name=DESKTOP-2D3O1MH
2022-01-10 16:36:25,685 [myid:] - INFO  [pt.tecnico.Server.ServerMain.main():Environment@98] - Client environment:java.version=11.0.1
2022-01-10 16:36:25,685 [myid:] - INFO  [pt.tecnico.Server.ServerMain.main():Environment@98] - Client environment:java.vendor=Oracle Corporation
2022-01-10 16:36:25,685 [myid:] - INFO  [pt.tecnico.Server.ServerMain.main():Environment@98] - Client environment:java.home=C:\jdk-11.0.1
2022-01-10 16:36:25,685 [myid:] - INFO  [pt.tecnico.Server.ServerMain.main():Environment@98] - Client environment:java.class.path=C:\maven\boot\plexus-classworlds-2.6.0.jar
2022-01-10 16:36:25,685 [myid:] - INFO  [pt.tecnico.Server.ServerMain.main():Environment@98] - Client environment:java.library.path=C:\jdk-11.0.1\bin;C:\Windows\Sun\Java\bin;C:\Windows\system32;C:\Windows;C:\jdk-11.0.1\bin;C:\maven\bin;C:\Windows\system32;C:\Windows;C:\Windows\System32\Wbem;C:\Windows\System32\WindowsPowerShell\v1.0\;C:\Windows\System32\OpenSSH\;C:\ProgramData\chocolatey\bin;C:\Program Files\Microsoft VS Code\bin;C:\HashiCorp\Vagrant\bin;C:\Program Files\Git\cmd;C:\Program Files\dotnet\;C:\jdk-11.0.1\bin;C:\maven\bin;C:\Users\david\AppData\Local\Programs\Python\Python38\Scripts\;C:\Users\david\AppData\Local\Programs\Python\Python38\;C:\Users\david\AppData\Local\Microsoft\WindowsApps;C:\Program Files\Oracle\VirtualBox;;.
2022-01-10 16:36:25,685 [myid:] - INFO  [pt.tecnico.Server.ServerMain.main():Environment@98] - Client environment:java.io.tmpdir=C:\Users\david\AppData\Local\Temp\
2022-01-10 16:36:25,685 [myid:] - INFO  [pt.tecnico.Server.ServerMain.main():Environment@98] - Client environment:java.compiler=<NA>
2022-01-10 16:36:25,685 [myid:] - INFO  [pt.tecnico.Server.ServerMain.main():Environment@98] - Client environment:os.name=Windows 10
2022-01-10 16:36:25,685 [myid:] - INFO  [pt.tecnico.Server.ServerMain.main():Environment@98] - Client environment:os.arch=amd64
2022-01-10 16:36:25,685 [myid:] - INFO  [pt.tecnico.Server.ServerMain.main():Environment@98] - Client environment:os.version=10.0
2022-01-10 16:36:25,685 [myid:] - INFO  [pt.tecnico.Server.ServerMain.main():Environment@98] - Client environment:user.name=david
2022-01-10 16:36:25,686 [myid:] - INFO  [pt.tecnico.Server.ServerMain.main():Environment@98] - Client environment:user.home=C:\Users\david
2022-01-10 16:36:25,686 [myid:] - INFO  [pt.tecnico.Server.ServerMain.main():Environment@98] - Client environment:user.dir=C:\Users\david\Nova pasta\RansomwareResistantRemoteDocuments\Server
2022-01-10 16:36:25,686 [myid:] - INFO  [pt.tecnico.Server.ServerMain.main():Environment@98] - Client environment:os.memory.free=431MB
2022-01-10 16:36:25,686 [myid:] - INFO  [pt.tecnico.Server.ServerMain.main():Environment@98] - Client environment:os.memory.max=8180MB
2022-01-10 16:36:25,686 [myid:] - INFO  [pt.tecnico.Server.ServerMain.main():Environment@98] - Client environment:os.memory.total=512MB
2022-01-10 16:36:25,689 [myid:] - INFO  [pt.tecnico.Server.ServerMain.main():ZooKeeper@1006] - Initiating client connection, connectString=localhost:2181 sessionTimeout=5000 watcher=pt.ulisboa.tecnico.sdis.zk.ZKNaming$1@75e4280a
2022-01-10 16:36:25,691 [myid:] - INFO  [pt.tecnico.Server.ServerMain.main():X509Util@77] - Setting -D jdk.tls.rejectClientInitiatedRenegotiation=true to disable client-initiated TLS renegotiation
2022-01-10 16:36:25,896 [myid:] - INFO  [pt.tecnico.Server.ServerMain.main():ClientCnxnSocket@239] - jute.maxbuffer value is 1048575 Bytes
2022-01-10 16:36:25,901 [myid:] - INFO  [pt.tecnico.Server.ServerMain.main():ClientCnxn@1716] - zookeeper.request.timeout value is 0. feature enabled=false
2022-01-10 16:36:25,908 [myid:localhost:2181] - INFO  [pt.tecnico.Server.ServerMain.main(localhost:2181):ClientCnxn$SendThread@1167] - Opening socket connection to server localhost/0:0:0:0:0:0:0:1:2181.
2022-01-10 16:36:25,908 [myid:localhost:2181] - INFO  [pt.tecnico.Server.ServerMain.main(localhost:2181):ClientCnxn$SendThread@1169] - SASL config status: Will not attempt to authenticate using SASL (unknown error)
2022-01-10 16:36:25,910 [myid:localhost:2181] - INFO  [pt.tecnico.Server.ServerMain.main(localhost:2181):ClientCnxn$SendThread@999] - Socket connection established, initiating session, client: /0:0:0:0:0:0:0:1:64910, server: localhost/0:0:0:0:0:0:0:1:2181
2022-01-10 16:36:25,923 [myid:localhost:2181] - INFO  [pt.tecnico.Server.ServerMain.main(localhost:2181):ClientCnxn$SendThread@1433] - Session establishment complete on server localhost/0:0:0:0:0:0:0:1:2181, session id = 0x10049675f310000, negotiated timeout = 5000
2022-01-10 16:36:26,048 [myid:] - INFO  [pt.tecnico.Server.ServerMain.main():ZooKeeper@1619] - Session: 0x10049675f310000 closed
2022-01-10 16:36:26,048 [myid:] - INFO  [pt.tecnico.Server.ServerMain.main()-EventThread:ClientCnxn$EventThread@577] - EventThread shut down for session: 0x10049675f310000
2022-01-10 16:36:26,061 [myid:] - INFO  [pt.tecnico.Server.ServerMain.main():ZooKeeper@1006] - Initiating client connection, connectString=localhost:2181 sessionTimeout=5000 watcher=pt.ulisboa.tecnico.sdis.zk.ZKNaming$1@785552fc
2022-01-10 16:36:26,062 [myid:] - INFO  [pt.tecnico.Server.ServerMain.main():ClientCnxnSocket@239] - jute.maxbuffer value is 1048575 Bytes
2022-01-10 16:36:26,062 [myid:] - INFO  [pt.tecnico.Server.ServerMain.main():ClientCnxn@1716] - zookeeper.request.timeout value is 0. feature enabled=false
2022-01-10 16:36:26,063 [myid:localhost:2181] - INFO  [pt.tecnico.Server.ServerMain.main(localhost:2181):ClientCnxn$SendThread@1167] - Opening socket connection to server localhost/0:0:0:0:0:0:0:1:2181.
2022-01-10 16:36:26,063 [myid:localhost:2181] - INFO  [pt.tecnico.Server.ServerMain.main(localhost:2181):ClientCnxn$SendThread@1169] - SASL config status: Will not attempt to authenticate using SASL (unknown error)
2022-01-10 16:36:26,063 [myid:localhost:2181] - INFO  [pt.tecnico.Server.ServerMain.main(localhost:2181):ClientCnxn$SendThread@999] - Socket connection established, initiating session, client: /0:0:0:0:0:0:0:1:64913, server: localhost/0:0:0:0:0:0:0:1:2181
2022-01-10 16:36:26,066 [myid:localhost:2181] - INFO  [pt.tecnico.Server.ServerMain.main(localhost:2181):ClientCnxn$SendThread@1433] - Session establishment complete on server localhost/0:0:0:0:0:0:0:1:2181, session id = 0x10049675f310001, negotiated timeout = 5000
2022-01-10 16:36:26,068 [myid:] - INFO  [pt.tecnico.Server.ServerMain.main():ZooKeeper@1006] - Initiating client connection, connectString=localhost:2181 sessionTimeout=5000 watcher=pt.ulisboa.tecnico.sdis.zk.ZKNaming$1@4292d90e
2022-01-10 16:36:26,069 [myid:] - INFO  [pt.tecnico.Server.ServerMain.main():ClientCnxnSocket@239] - jute.maxbuffer value is 1048575 Bytes
2022-01-10 16:36:26,069 [myid:] - INFO  [pt.tecnico.Server.ServerMain.main():ClientCnxn@1716] - zookeeper.request.timeout value is 0. feature enabled=false
2022-01-10 16:36:26,070 [myid:localhost:2181] - INFO  [pt.tecnico.Server.ServerMain.main(localhost:2181):ClientCnxn$SendThread@1167] - Opening socket connection to server localhost/0:0:0:0:0:0:0:1:2181.
2022-01-10 16:36:26,070 [myid:localhost:2181] - INFO  [pt.tecnico.Server.ServerMain.main(localhost:2181):ClientCnxn$SendThread@1169] - SASL config status: Will not attempt to authenticate using SASL (unknown error)
2022-01-10 16:36:26,070 [myid:localhost:2181] - INFO  [pt.tecnico.Server.ServerMain.main(localhost:2181):ClientCnxn$SendThread@999] - Socket connection established, initiating session, client: /0:0:0:0:0:0:0:1:64916, server: localhost/0:0:0:0:0:0:0:1:2181
2022-01-10 16:36:26,073 [myid:localhost:2181] - INFO  [pt.tecnico.Server.ServerMain.main(localhost:2181):ClientCnxn$SendThread@1433] - Session establishment complete on server localhost/0:0:0:0:0:0:0:1:2181, session id = 0x10049675f310002, negotiated timeout = 5000
2022-01-10 16:36:26,186 [myid:] - INFO  [pt.tecnico.Server.ServerMain.main()-EventThread:ClientCnxn$EventThread@577] - EventThread shut down for session: 0x10049675f310002
2022-01-10 16:36:26,186 [myid:] - INFO  [pt.tecnico.Server.ServerMain.main():ZooKeeper@1619] - Session: 0x10049675f310002 closed
2022-01-10 18:37:01,085 [myid:] - INFO  [Thread-1:ZooKeeper@1006] - Initiating client connection, connectString=localhost:2181 sessionTimeout=5000 watcher=pt.ulisboa.tecnico.sdis.zk.ZKNaming$1@339a1e1c
2022-01-10 18:37:01,086 [myid:] - INFO  [Thread-1:ClientCnxnSocket@239] - jute.maxbuffer value is 1048575 Bytes
2022-01-10 18:37:01,086 [myid:] - INFO  [Thread-1:ClientCnxn@1716] - zookeeper.request.timeout value is 0. feature enabled=false
2022-01-10 18:37:01,088 [myid:localhost:2181] - INFO  [Thread-1-SendThread(localhost:2181):ClientCnxn$SendThread@1167] - Opening socket connection to server localhost/127.0.0.1:2181.
2022-01-10 18:37:01,088 [myid:localhost:2181] - INFO  [Thread-1-SendThread(localhost:2181):ClientCnxn$SendThread@1169] - SASL config status: Will not attempt to authenticate using SASL (unknown error)
2022-01-10 18:37:01,088 [myid:localhost:2181] - INFO  [Thread-1-SendThread(localhost:2181):ClientCnxn$SendThread@999] - Socket connection established, initiating session, client: /127.0.0.1:50077, server: localhost/127.0.0.1:2181
2022-01-10 18:37:01,091 [myid:localhost:2181] - INFO  [Thread-1-SendThread(localhost:2181):ClientCnxn$SendThread@1433] - Session establishment complete on server localhost/127.0.0.1:2181, session id = 0x10049675f310004, negotiated timeout = 5000
2022-01-10 18:37:01,195 [myid:] - INFO  [Thread-1-EventThread:ClientCnxn$EventThread@577] - EventThread shut down for session: 0x10049675f310004
2022-01-10 18:37:01,195 [myid:] - INFO  [Thread-1:ZooKeeper@1619] - Session: 0x10049675f310004 closed
